-------------------------------------------------------------------------------
Test set: com.codewithmosh.store.unit.auth.JwtServiceTest$GenerateRefreshToken
-------------------------------------------------------------------------------
Tests run: 3, Failures: 0, Errors: 3, Skipped: 0, Time elapsed: 0.048 s <<< FAILURE! -- in com.codewithmosh.store.unit.auth.JwtServiceTest$GenerateRefreshToken
com.codewithmosh.store.unit.auth.JwtServiceTest$GenerateRefreshToken.returnsNonNullJwt -- Time elapsed: 0.023 s <<< ERROR!
org.mockito.exceptions.misusing.UnnecessaryStubbingException: 

Unnecessary stubbings detected.
Clean & maintainable test code requires zero unnecessary code.
Following stubbings are unnecessary (click to navigate to relevant line of code):
  1. -> at com.codewithmosh.store.unit.auth.JwtServiceTest.setUp(JwtServiceTest.java:46)
Please remove unnecessary stubbings or use 'lenient' strictness. More info: javadoc for UnnecessaryStubbingException class.
	at org.mockito.junit.jupiter.MockitoExtension.afterEach(MockitoExtension.java:197)
	at java.base/java.util.ArrayList.forEach(ArrayList.java:1596)
	at java.base/java.util.ArrayList.forEach(ArrayList.java:1596)
	at java.base/java.util.ArrayList.forEach(ArrayList.java:1596)

com.codewithmosh.store.unit.auth.JwtServiceTest$GenerateRefreshToken.tokenContainsCorrectUserId -- Time elapsed: 0.008 s <<< ERROR!
org.mockito.exceptions.misusing.UnnecessaryStubbingException: 

Unnecessary stubbings detected.
Clean & maintainable test code requires zero unnecessary code.
Following stubbings are unnecessary (click to navigate to relevant line of code):
  1. -> at com.codewithmosh.store.unit.auth.JwtServiceTest.setUp(JwtServiceTest.java:46)
Please remove unnecessary stubbings or use 'lenient' strictness. More info: javadoc for UnnecessaryStubbingException class.
	at org.mockito.junit.jupiter.MockitoExtension.afterEach(MockitoExtension.java:197)
	at java.base/java.util.ArrayList.forEach(ArrayList.java:1596)
	at java.base/java.util.ArrayList.forEach(ArrayList.java:1596)
	at java.base/java.util.ArrayList.forEach(ArrayList.java:1596)

com.codewithmosh.store.unit.auth.JwtServiceTest$GenerateRefreshToken.tokenIsNotExpiredImmediately -- Time elapsed: 0.008 s <<< ERROR!
org.mockito.exceptions.misusing.UnnecessaryStubbingException: 

Unnecessary stubbings detected.
Clean & maintainable test code requires zero unnecessary code.
Following stubbings are unnecessary (click to navigate to relevant line of code):
  1. -> at com.codewithmosh.store.unit.auth.JwtServiceTest.setUp(JwtServiceTest.java:46)
Please remove unnecessary stubbings or use 'lenient' strictness. More info: javadoc for UnnecessaryStubbingException class.
	at org.mockito.junit.jupiter.MockitoExtension.afterEach(MockitoExtension.java:197)
	at java.base/java.util.ArrayList.forEach(ArrayList.java:1596)
	at java.base/java.util.ArrayList.forEach(ArrayList.java:1596)
	at java.base/java.util.ArrayList.forEach(ArrayList.java:1596)

