-------------------------------------------------------------------------------
Test set: com.codewithmosh.store.unit.auth.JwtServiceTest$GenerateAccessToken
-------------------------------------------------------------------------------
Tests run: 5, Failures: 0, Errors: 5, Skipped: 0, Time elapsed: 0.185 s <<< FAILURE! -- in com.codewithmosh.store.unit.auth.JwtServiceTest$GenerateAccessToken
com.codewithmosh.store.unit.auth.JwtServiceTest$GenerateAccessToken.returnsNonNullJwt -- Time elapsed: 0.040 s <<< ERROR!
org.mockito.exceptions.misusing.UnnecessaryStubbingException: 

Unnecessary stubbings detected.
Clean & maintainable test code requires zero unnecessary code.
Following stubbings are unnecessary (click to navigate to relevant line of code):
  1. -> at com.codewithmosh.store.unit.auth.JwtServiceTest.setUp(JwtServiceTest.java:47)
Please remove unnecessary stubbings or use 'lenient' strictness. More info: javadoc for UnnecessaryStubbingException class.
	at org.mockito.junit.jupiter.MockitoExtension.afterEach(MockitoExtension.java:197)
	at java.base/java.util.ArrayList.forEach(ArrayList.java:1596)
	at java.base/java.util.ArrayList.forEach(ArrayList.java:1596)
	at java.base/java.util.ArrayList.forEach(ArrayList.java:1596)

com.codewithmosh.store.unit.auth.JwtServiceTest$GenerateAccessToken.tokenContainsCorrectUserId -- Time elapsed: 0.020 s <<< ERROR!
org.mockito.exceptions.misusing.UnnecessaryStubbingException: 

Unnecessary stubbings detected.
Clean & maintainable test code requires zero unnecessary code.
Following stubbings are unnecessary (click to navigate to relevant line of code):
  1. -> at com.codewithmosh.store.unit.auth.JwtServiceTest.setUp(JwtServiceTest.java:47)
Please remove unnecessary stubbings or use 'lenient' strictness. More info: javadoc for UnnecessaryStubbingException class.
	at org.mockito.junit.jupiter.MockitoExtension.afterEach(MockitoExtension.java:197)
	at java.base/java.util.ArrayList.forEach(ArrayList.java:1596)
	at java.base/java.util.ArrayList.forEach(ArrayList.java:1596)
	at java.base/java.util.ArrayList.forEach(ArrayList.java:1596)

com.codewithmosh.store.unit.auth.JwtServiceTest$GenerateAccessToken.tokenIsNotExpiredImmediately -- Time elapsed: 0.009 s <<< ERROR!
org.mockito.exceptions.misusing.UnnecessaryStubbingException: 

Unnecessary stubbings detected.
Clean & maintainable test code requires zero unnecessary code.
Following stubbings are unnecessary (click to navigate to relevant line of code):
  1. -> at com.codewithmosh.store.unit.auth.JwtServiceTest.setUp(JwtServiceTest.java:47)
Please remove unnecessary stubbings or use 'lenient' strictness. More info: javadoc for UnnecessaryStubbingException class.
	at org.mockito.junit.jupiter.MockitoExtension.afterEach(MockitoExtension.java:197)
	at java.base/java.util.ArrayList.forEach(ArrayList.java:1596)
	at java.base/java.util.ArrayList.forEach(ArrayList.java:1596)
	at java.base/java.util.ArrayList.forEach(ArrayList.java:1596)

com.codewithmosh.store.unit.auth.JwtServiceTest$GenerateAccessToken.tokenContainsCorrectRole -- Time elapsed: 0.018 s <<< ERROR!
io.jsonwebtoken.RequiredTypeException: Cannot convert existing claim value of type 'class com.codewithmosh.store.users.Role' to desired type 'class java.lang.String'. JJWT only converts simple String, Date, Long, Integer, Short and Byte types automatically. Anything more complex is expected to be already converted to your desired type by the JSON Deserializer implementation. You may specify a custom Deserializer for a JwtParser with the desired conversion configuration via the JwtParserBuilder.deserializer() method. See https://github.com/jwtk/jjwt#custom-json-processor for more information. If using Jackson, you can specify custom claim POJO types as described in https://github.com/jwtk/jjwt#json-jackson-custom-types
	at io.jsonwebtoken.impl.DefaultClaims.castClaimValue(DefaultClaims.java:152)
	at io.jsonwebtoken.impl.DefaultClaims.get(DefaultClaims.java:126)
	at com.codewithmosh.store.auth.Jwt.getRole(Jwt.java:31)
	at com.codewithmosh.store.unit.auth.JwtServiceTest$GenerateAccessToken.tokenContainsCorrectRole(JwtServiceTest.java:83)
	at java.base/java.lang.reflect.Method.invoke(Method.java:580)
	at java.base/java.util.ArrayList.forEach(ArrayList.java:1596)
	at java.base/java.util.ArrayList.forEach(ArrayList.java:1596)
	at java.base/java.util.ArrayList.forEach(ArrayList.java:1596)

com.codewithmosh.store.unit.auth.JwtServiceTest$GenerateAccessToken.tokenSerialisesToCompactString -- Time elapsed: 0.085 s <<< ERROR!
org.mockito.exceptions.misusing.UnnecessaryStubbingException: 

Unnecessary stubbings detected.
Clean & maintainable test code requires zero unnecessary code.
Following stubbings are unnecessary (click to navigate to relevant line of code):
  1. -> at com.codewithmosh.store.unit.auth.JwtServiceTest.setUp(JwtServiceTest.java:47)
Please remove unnecessary stubbings or use 'lenient' strictness. More info: javadoc for UnnecessaryStubbingException class.
	at org.mockito.junit.jupiter.MockitoExtension.afterEach(MockitoExtension.java:197)
	at java.base/java.util.ArrayList.forEach(ArrayList.java:1596)
	at java.base/java.util.ArrayList.forEach(ArrayList.java:1596)
	at java.base/java.util.ArrayList.forEach(ArrayList.java:1596)

